生成启动时间为 2016/5/2 9:15:39。
     1>项目“D:\Y4\FYP(Nondomainat sorting genatic algorithm\NDWSA\project1.vcxproj”在节点 2 上(Build 个目标)。
     1>ClCompile:
         E:\visual studio 2013\VC\bin\CL.exe /c /ZI /nologo /W3 /WX- /Od /Oy- /D WIN32 /D _DEBUG /D _WINDOWS /D _UNICODE /D UNICODE /Gm /EHsc /RTC1 /MDd /GS /fp:precise /Zc:wchar_t /Zc:forScope /Fo"Debug\\" /Fd"Debug\vc120.pdb" /Gd /TP /analyze- /errorReport:prompt NDWSA.cpp
         NDWSA.cpp
     1>d:\y4\fyp(nondomainat sorting genatic algorithm\ndwsa\input.h(41): warning C4996: 'scanf': This function or variable may be unsafe. Consider using scanf_s instead. To disable deprecation, use _CRT_SECURE_NO_WARNINGS. See online help for details.
                 e:\visual studio 2013\vc\include\stdio.h(283) : 参见“scanf”的声明
     1>d:\y4\fyp(nondomainat sorting genatic algorithm\ndwsa\input.h(54): warning C4996: 'scanf': This function or variable may be unsafe. Consider using scanf_s instead. To disable deprecation, use _CRT_SECURE_NO_WARNINGS. See online help for details.
                 e:\visual studio 2013\vc\include\stdio.h(283) : 参见“scanf”的声明
     1>d:\y4\fyp(nondomainat sorting genatic algorithm\ndwsa\input.h(75): warning C4996: 'scanf': This function or variable may be unsafe. Consider using scanf_s instead. To disable deprecation, use _CRT_SECURE_NO_WARNINGS. See online help for details.
                 e:\visual studio 2013\vc\include\stdio.h(283) : 参见“scanf”的声明
     1>d:\y4\fyp(nondomainat sorting genatic algorithm\ndwsa\input.h(94): warning C4996: 'scanf': This function or variable may be unsafe. Consider using scanf_s instead. To disable deprecation, use _CRT_SECURE_NO_WARNINGS. See online help for details.
                 e:\visual studio 2013\vc\include\stdio.h(283) : 参见“scanf”的声明
     1>d:\y4\fyp(nondomainat sorting genatic algorithm\ndwsa\input.h(129): warning C4996: 'scanf': This function or variable may be unsafe. Consider using scanf_s instead. To disable deprecation, use _CRT_SECURE_NO_WARNINGS. See online help for details.
                 e:\visual studio 2013\vc\include\stdio.h(283) : 参见“scanf”的声明
     1>d:\y4\fyp(nondomainat sorting genatic algorithm\ndwsa\input.h(133): warning C4996: 'scanf': This function or variable may be unsafe. Consider using scanf_s instead. To disable deprecation, use _CRT_SECURE_NO_WARNINGS. See online help for details.
                 e:\visual studio 2013\vc\include\stdio.h(283) : 参见“scanf”的声明
     1>d:\y4\fyp(nondomainat sorting genatic algorithm\ndwsa\input.h(141): warning C4996: 'scanf': This function or variable may be unsafe. Consider using scanf_s instead. To disable deprecation, use _CRT_SECURE_NO_WARNINGS. See online help for details.
                 e:\visual studio 2013\vc\include\stdio.h(283) : 参见“scanf”的声明
     1>d:\y4\fyp(nondomainat sorting genatic algorithm\ndwsa\input.h(152): warning C4996: 'scanf': This function or variable may be unsafe. Consider using scanf_s instead. To disable deprecation, use _CRT_SECURE_NO_WARNINGS. See online help for details.
                 e:\visual studio 2013\vc\include\stdio.h(283) : 参见“scanf”的声明
     1>d:\y4\fyp(nondomainat sorting genatic algorithm\ndwsa\input.h(156): warning C4996: 'scanf': This function or variable may be unsafe. Consider using scanf_s instead. To disable deprecation, use _CRT_SECURE_NO_WARNINGS. See online help for details.
                 e:\visual studio 2013\vc\include\stdio.h(283) : 参见“scanf”的声明
     1>d:\y4\fyp(nondomainat sorting genatic algorithm\ndwsa\input.h(176): warning C4996: 'scanf': This function or variable may be unsafe. Consider using scanf_s instead. To disable deprecation, use _CRT_SECURE_NO_WARNINGS. See online help for details.
                 e:\visual studio 2013\vc\include\stdio.h(283) : 参见“scanf”的声明
     1>d:\y4\fyp(nondomainat sorting genatic algorithm\ndwsa\input.h(9): warning C4101: “cc”: 未引用的局部变量
     1>d:\y4\fyp(nondomainat sorting genatic algorithm\ndwsa\realinit.h(28): warning C4244: “=”: 从“double”转换到“float”，可能丢失数据
     1>d:\y4\fyp(nondomainat sorting genatic algorithm\ndwsa\realinit.h(6): warning C4101: “d2”: 未引用的局部变量
     1>d:\y4\fyp(nondomainat sorting genatic algorithm\ndwsa\realinit.h(6): warning C4101: “r”: 未引用的局部变量
     1>d:\y4\fyp(nondomainat sorting genatic algorithm\ndwsa\init.h(6): warning C4101: “r”: 未引用的局部变量
     1>d:\y4\fyp(nondomainat sorting genatic algorithm\ndwsa\decode.h(27): warning C4244: “=”: 从“double”转换到“int”，可能丢失数据
     1>d:\y4\fyp(nondomainat sorting genatic algorithm\ndwsa\decode.h(34): warning C4244: “=”: 从“double”转换到“float”，可能丢失数据
     1>d:\y4\fyp(nondomainat sorting genatic algorithm\ndwsa\rancon.h(32): warning C4244: “=”: 从“int”转换到“float”，可能丢失数据
     1>d:\y4\fyp(nondomainat sorting genatic algorithm\ndwsa\rancon.h(38): warning C4244: “=”: 从“double”转换到“float”，可能丢失数据
     1>d:\y4\fyp(nondomainat sorting genatic algorithm\ndwsa\func-con.h(60): warning C4244: “=”: 从“double”转换到“float”，可能丢失数据
     1>d:\y4\fyp(nondomainat sorting genatic algorithm\ndwsa\keepaliven.h(52): warning C4101: “front_pop”: 未引用的局部变量
     1>d:\y4\fyp(nondomainat sorting genatic algorithm\ndwsa\keepaliven.h(58): warning C4101: “a”: 未引用的局部变量
     1>d:\y4\fyp(nondomainat sorting genatic algorithm\ndwsa\keepaliven.h(56): warning C4101: “x”: 未引用的局部变量
     1>d:\y4\fyp(nondomainat sorting genatic algorithm\ndwsa\keepaliven.h(56): warning C4101: “leftsum”: 未引用的局部变量
     1>d:\y4\fyp(nondomainat sorting genatic algorithm\ndwsa\keepaliven.h(54): warning C4101: “r1”: 未引用的局部变量
     1>d:\y4\fyp(nondomainat sorting genatic algorithm\ndwsa\keepaliven.h(52): warning C4101: “a1”: 未引用的局部变量
     1>d:\y4\fyp(nondomainat sorting genatic algorithm\ndwsa\keepaliven.h(58): warning C4101: “rnd”: 未引用的局部变量
     1>d:\y4\fyp(nondomainat sorting genatic algorithm\ndwsa\keepaliven.h(54): warning C4101: “sum”: 未引用的局部变量
     1>d:\y4\fyp(nondomainat sorting genatic algorithm\ndwsa\keepaliven.h(58): warning C4101: “x3”: 未引用的局部变量
     1>d:\y4\fyp(nondomainat sorting genatic algorithm\ndwsa\keepaliven.h(54): warning C4101: “str”: 未引用的局部变量
     1>d:\y4\fyp(nondomainat sorting genatic algorithm\ndwsa\keepaliven.h(220): warning C4996: 'fopen': This function or variable may be unsafe. Consider using fopen_s instead. To disable deprecation, use _CRT_SECURE_NO_WARNINGS. See online help for details.
                 e:\visual studio 2013\vc\include\stdio.h(211) : 参见“fopen”的声明
     1>d:\y4\fyp(nondomainat sorting genatic algorithm\ndwsa\keepaliven.h(302): warning C4996: 'fopen': This function or variable may be unsafe. Consider using fopen_s instead. To disable deprecation, use _CRT_SECURE_NO_WARNINGS. See online help for details.
                 e:\visual studio 2013\vc\include\stdio.h(211) : 参见“fopen”的声明
     1>d:\y4\fyp(nondomainat sorting genatic algorithm\ndwsa\keepaliven.h(308): warning C4244: “=”: 从“int”转换到“float”，可能丢失数据
     1>d:\y4\fyp(nondomainat sorting genatic algorithm\ndwsa\keepaliven.h(309): warning C4244: “=”: 从“double”转换到“float”，可能丢失数据
     1>d:\y4\fyp(nondomainat sorting genatic algorithm\ndwsa\keepaliven.h(466): warning C4244: “=”: 从“int”转换到“float”，可能丢失数据
     1>d:\y4\fyp(nondomainat sorting genatic algorithm\ndwsa\keepaliven.h(489): warning C4244: “=”: 从“float”转换到“int”，可能丢失数据
     1>d:\y4\fyp(nondomainat sorting genatic algorithm\ndwsa\keepaliven.h(545): warning C4244: “=”: 从“float”转换到“int”，可能丢失数据
     1>d:\y4\fyp(nondomainat sorting genatic algorithm\ndwsa\keepaliven.h(557): warning C4101: “j1”: 未引用的局部变量
     1>d:\y4\fyp(nondomainat sorting genatic algorithm\ndwsa\report.h(13): warning C4101: “gene_ptr2”: 未引用的局部变量
     1>d:\y4\fyp(nondomainat sorting genatic algorithm\ndwsa\report.h(13): warning C4101: “gene_ptr1”: 未引用的局部变量
     1>d:\y4\fyp(nondomainat sorting genatic algorithm\ndwsa\report.h(9): warning C4101: “ptr”: 未引用的局部变量
     1>d:\y4\fyp(nondomainat sorting genatic algorithm\ndwsa\report.h(7): warning C4101: “be”: 未引用的局部变量
     1>d:\y4\fyp(nondomainat sorting genatic algorithm\ndwsa\ndwsa.cpp(204): warning C4101: “i”: 未引用的局部变量
     1>d:\y4\fyp(nondomainat sorting genatic algorithm\ndwsa\ndwsa.cpp(386): warning C4244: “=”: 从“double”转换到“float”，可能丢失数据
     1>d:\y4\fyp(nondomainat sorting genatic algorithm\ndwsa\ndwsa.cpp(389): warning C4305: “=”: 从“double”到“float”截断
     1>d:\y4\fyp(nondomainat sorting genatic algorithm\ndwsa\ndwsa.cpp(393): warning C4305: “=”: 从“double”到“float”截断
     1>d:\y4\fyp(nondomainat sorting genatic algorithm\ndwsa\ndwsa.cpp(414): warning C4996: 'fopen': This function or variable may be unsafe. Consider using fopen_s instead. To disable deprecation, use _CRT_SECURE_NO_WARNINGS. See online help for details.
                 e:\visual studio 2013\vc\include\stdio.h(211) : 参见“fopen”的声明
     1>d:\y4\fyp(nondomainat sorting genatic algorithm\ndwsa\ndwsa.cpp(415): warning C4996: 'fopen': This function or variable may be unsafe. Consider using fopen_s instead. To disable deprecation, use _CRT_SECURE_NO_WARNINGS. See online help for details.
                 e:\visual studio 2013\vc\include\stdio.h(211) : 参见“fopen”的声明
     1>d:\y4\fyp(nondomainat sorting genatic algorithm\ndwsa\ndwsa.cpp(416): warning C4996: 'fopen': This function or variable may be unsafe. Consider using fopen_s instead. To disable deprecation, use _CRT_SECURE_NO_WARNINGS. See online help for details.
                 e:\visual studio 2013\vc\include\stdio.h(211) : 参见“fopen”的声明
     1>d:\y4\fyp(nondomainat sorting genatic algorithm\ndwsa\ndwsa.cpp(417): warning C4996: 'fopen': This function or variable may be unsafe. Consider using fopen_s instead. To disable deprecation, use _CRT_SECURE_NO_WARNINGS. See online help for details.
                 e:\visual studio 2013\vc\include\stdio.h(211) : 参见“fopen”的声明
     1>d:\y4\fyp(nondomainat sorting genatic algorithm\ndwsa\ndwsa.cpp(418): warning C4996: 'fopen': This function or variable may be unsafe. Consider using fopen_s instead. To disable deprecation, use _CRT_SECURE_NO_WARNINGS. See online help for details.
                 e:\visual studio 2013\vc\include\stdio.h(211) : 参见“fopen”的声明
     1>d:\y4\fyp(nondomainat sorting genatic algorithm\ndwsa\ndwsa.cpp(419): warning C4996: 'fopen': This function or variable may be unsafe. Consider using fopen_s instead. To disable deprecation, use _CRT_SECURE_NO_WARNINGS. See online help for details.
                 e:\visual studio 2013\vc\include\stdio.h(211) : 参见“fopen”的声明
     1>d:\y4\fyp(nondomainat sorting genatic algorithm\ndwsa\ndwsa.cpp(577): warning C4244: “=”: 从“int”转换到“float”，可能丢失数据
     1>d:\y4\fyp(nondomainat sorting genatic algorithm\ndwsa\ndwsa.cpp(405): warning C4101: “ptr”: 未引用的局部变量
       Link:
         E:\visual studio 2013\VC\bin\link.exe /ERRORREPORT:PROMPT /OUT:"D:\Y4\FYP(Nondomainat sorting genatic algorithm\NDWSA\Debug\project1.exe" /INCREMENTAL /NOLOGO kernel32.lib user32.lib gdi32.lib winspool.lib comdlg32.lib advapi32.lib shell32.lib ole32.lib oleaut32.lib uuid.lib odbc32.lib odbccp32.lib /MANIFEST /MANIFESTUAC:"level='asInvoker' uiAccess='false'" /manifest:embed /DEBUG /PDB:"D:\Y4\FYP(Nondomainat sorting genatic algorithm\NDWSA\Debug\project1.pdb" /SUBSYSTEM:CONSOLE /TLBID:1 /DYNAMICBASE /NXCOMPAT /IMPLIB:"D:\Y4\FYP(Nondomainat sorting genatic algorithm\NDWSA\Debug\project1.lib" /MACHINE:X86 Debug\NDWSA.obj
         project1.vcxproj -> D:\Y4\FYP(Nondomainat sorting genatic algorithm\NDWSA\Debug\project1.exe
     1>已完成生成项目“D:\Y4\FYP(Nondomainat sorting genatic algorithm\NDWSA\project1.vcxproj”(Build 个目标)的操作。

生成成功。

已用时间 00:00:37.03
